<?xml version="1.0" encoding="UTF-8"?>
<testng-results ignored="0" total="2" passed="2" failed="0" skipped="0">
  <reporter-output>
  </reporter-output>
  <suite started-at="2024-03-26T02:38:34 EDT" name="Automation" finished-at="2024-03-26T02:38:39 EDT" duration-ms="4682">
    <groups>
    </groups>
    <test started-at="2024-03-26T02:38:34 EDT" name="Login" finished-at="2024-03-26T02:38:39 EDT" duration-ms="4682">
      <class name="com.training.testng.LoginTest">
        <test-method is-config="true" signature="beforemethod(java.lang.String)[pri:0, instance:com.training.testng.LoginTest@35aea049]" started-at="2024-03-26T02:38:34 EDT" name="beforemethod" finished-at="2024-03-26T02:38:36 EDT" duration-ms="1673" status="PASS">
          <params>
            <param index="0">
              <value>
                <![CDATA[https://login.salesforce.com/]]>
              </value>
            </param>
          </params>
          <reporter-output>
          </reporter-output>
        </test-method> <!-- beforemethod -->
        <test-method signature="logIntoApplicationWithInvalidUsername(java.lang.String,java.lang.String)[pri:1, instance:com.training.testng.LoginTest@35aea049]" started-at="2024-03-26T02:38:36 EDT" name="logIntoApplicationWithInvalidUsername" finished-at="2024-03-26T02:38:36 EDT" duration-ms="187" status="PASS">
          <params>
            <param index="0">
              <value>
                <![CDATA[teena1@raghav.com]]>
              </value>
            </param>
            <param index="1">
              <value>
                <![CDATA[pritishtina@1]]>
              </value>
            </param>
          </params>
          <reporter-output>
          </reporter-output>
        </test-method> <!-- logIntoApplicationWithInvalidUsername -->
        <test-method is-config="true" signature="aftermethod()[pri:0, instance:com.training.testng.LoginTest@35aea049]" started-at="2024-03-26T02:38:36 EDT" name="aftermethod" finished-at="2024-03-26T02:38:36 EDT" duration-ms="72" status="PASS">
          <reporter-output>
          </reporter-output>
        </test-method> <!-- aftermethod -->
        <test-method is-config="true" signature="beforemethod(java.lang.String)[pri:0, instance:com.training.testng.LoginTest@35aea049]" started-at="2024-03-26T02:38:36 EDT" name="beforemethod" finished-at="2024-03-26T02:38:37 EDT" duration-ms="987" status="PASS">
          <params>
            <param index="0">
              <value>
                <![CDATA[https://login.salesforce.com/]]>
              </value>
            </param>
          </params>
          <reporter-output>
          </reporter-output>
        </test-method> <!-- beforemethod -->
        <test-method signature="logIntoApplication(java.lang.String,java.lang.String)[pri:2, instance:com.training.testng.LoginTest@35aea049]" started-at="2024-03-26T02:38:37 EDT" name="logIntoApplication" finished-at="2024-03-26T02:38:39 EDT" duration-ms="1662" status="PASS">
          <params>
            <param index="0">
              <value>
                <![CDATA[teena@raghav.com]]>
              </value>
            </param>
            <param index="1">
              <value>
                <![CDATA[pritishtina@1]]>
              </value>
            </param>
          </params>
          <reporter-output>
          </reporter-output>
        </test-method> <!-- logIntoApplication -->
        <test-method is-config="true" signature="aftermethod()[pri:0, instance:com.training.testng.LoginTest@35aea049]" started-at="2024-03-26T02:38:39 EDT" name="aftermethod" finished-at="2024-03-26T02:38:39 EDT" duration-ms="71" status="PASS">
          <reporter-output>
          </reporter-output>
        </test-method> <!-- aftermethod -->
      </class> <!-- com.training.testng.LoginTest -->
    </test> <!-- Login -->
  </suite> <!-- Automation -->
</testng-results>
